M11bZK/tgah7pB3WVCPQTFzid3v32eYcazq096dnGFDBg1Xl7aBhiHlvdtqxSkJ+sdrZnGx7sK7T7ipJ5VS3BzzkO+sxvhlVqWqX3VNReGMrQ1YJeqcJ
ZwB3w8PC2WBGGH9vhdDsUATwdFqI439ROyx+D/BNvj01CshMVxR4SPLk0JSTkGSG1zzhemL6JezRF+0JAy1TLMSvjMY2XNI6ERlMADXd2ig6z3CNt5k29/2K9YQ1ERJaf/GNnMBT4V3h4O3wDT/i8ozqnpZFKg2EoPv8toeeXiG59IsvqDTPE71+Fe0dOoO1LzEky59zgpG2p8U=
YVb0/7AYDtOljRNGZEvjAyPsKZAV6sFUv4EoKqyNtQ5sU0rY04WOAWpj7ZVlIOk4gc8eAmkKeo6ZusGMZHu4vssOAjndlO9X1ERDW7k+kaURCj8NCxGAU0NjThlypwE=
WDakhtz3kT6EwlHG95KMK2jMwPtPWbqwwF92CWuKiv1VyjIoMoTxGFyNhJJo/WO99dc4sYqNDuQhi7p8TUeX3r/537JRkYVhLo8NW6AFfKcP
WSE/pNYbqhAGMIjDVZLjT9/4242Yog+Y1FQMv6lj2N23iAxpRuYQl1yK1XcIqlWUztwPmm7+Kwzp1eHQH5cnbacc
z6veIIPZmtgPTdeppQT+Qid6jpIvvaiH5u49LF0ESFEK5lBFr7DZ6493/6N4Np7y7wQgSHrhg9f5n+asmr7ao4zMR5rSKie1hGGg0bqQRGRwXr1gWnt+VJF1S398/l2zGI69IY7o5z7+OiN4SSGp1M8zT1mnKA==
2xq0cFlDre9H9lvcJx8rezT2+FW7pmre2fVRTaACL1wk9CtvyLQv0x5+da09uqP1TzGEC7/z4tEWp2U=
Rjq2/3N0kYm6OIF7yYcTtoYgOMJxdxrhIlhu8h+NTGCxiXBoGUOuRpsU5kyXqlmfJY7H9csbp2Y=
Qd4ejwV00mrFRtuHCLvOq9/4242Yog+Y1FQMv6lj2N23iAxpRuYQl1yK1XcIqlWSztwPmm7+Kwzp1eHQH5cnbacc
Qd4ejwV00mrFRtuHCLvOq9/4242Yog+Y1FQMv6lj2N23iAxpRuYQl1yK1XcIqlWSztwPmm7+Kwzp1eHQH5cnbacc
Qd4ejwV00mrFRtuHCLvOq9/4242Yog+Y1FQMv6lj2N23iAxpRuYQl1yK1XcIqlWSztwPmm7+Kwzp1eHQH5cnbacc
Qd4ejwV00mrFRtuHCLvOq9/4242Yog+Y1FQMv6lj2N23iAxpRuYQl1yK1XcIqlWSztwPmm7+Kwzp1eHQH5cnbacc
G3EwyUe/fEXeXVFt/iQYilqx+kifPJNZyHanPHTwpCs591BZNwyE/dZyuDP8Ln2jWH4dVo4YR04+KgMoyfHJxA+DL2mnGA==
TNCJpti0QKfnDcJA++fn16MSfyABInpHMJIFRoi/yFgLM7N6a7PX/UapSgRVk7ZMUS9nngtRQ0LdCTHB+vfBC5wtaKcb
Yoew06HAgZ6iHpeucTO7K6MTfyABInpHMJIFRoi/yFgLM7N6a7PX/UapSgRVk7ZMUS9nngtRQ0LdCTHB+vfBC5wtaKcb
rxysCtie+UV374l2UBHzCqATfyABInpHMJIFRoi/yFgLM7N6a7PX/UapSgRVk7ZMUS9nngtRQ0LdCTHB+vfBC5wtaKcb
Vebv/lPk0PiTrK+LnYnWGQVX77RWGy7SuMFGplD6RO/7vwh0rusRdRzMQVpaQIXS8TlDazxmzXs4ho3eDpDXNt5ys+CJObkcL7s/YacQ
2M3yhqRy3kycAvdXwnpYdmFOS7XdgKOGIK9KZleW2gtyENF3cTqp9w21fJ0Y1AdnzKQLC0W+KXVZKid9I9How/sDhilqpxk=
T1UxemLULNIt2L/2B7LbmqASfyABInpHMJIFRoi/yFgLM7N6a7PX/UapSgRVk7ZMUS9mngtRQ0LdCTHB+vfBC5wtaKcb
24bgsK+Mq2T4eKqVZd3jRRNYxyh+jLCcqP3DsQyOvv0tV/SylRAahskgqZfn8cwQUfmwGPk1rjZ7ZCY8d9rZ78X+B4Ura6cW
jDoHMSo984wVsxqTnkhfjlqx+kifPJNZyHKlMnTwpCs591BZNwyE/dZyuDP8Ln2jWH4dV44YR04+KgMoyfHJxA+DL2mnGA==
VMOW6Fz7g0Z3cT61McJ7Klqx+kifPJNZyHanPHTwpCs591BZNwyE/dZyuDP8Ln2jWH4dV44YR04+KgMoyfHJxA+DL2mnGA==
jtbsmTKlao31vxciZtlocqMSfyABInpHMJIFRoi/yFgLM7N6a7PX/UapSgRVk7ZMUS9mngtRQ0LdCTHB+vfBC5wtaKcb
qI2aVMBVo7YlwtIRHsmrxaMTfyABInpHMJIFRoi/yFgLM7N6a7PX/UapSgRVk7ZMUS9mngtRQ0LdCTHB+vfBC5wtaKcb
ySTooDjaFuQ3Ho4gxrD1VqATfyABInpHMJIFRoi/yFgLM7N6a7PX/UapSgRVk7ZMUS9mngtRQ0LdCTHB+vfBC5wtaKcb
+F6A2Zd0vsFpeOBBOBrJWQVX77RWGy7SuMFGplD6RO/7vwh0rusRdRzMQVpaQIXS8TlDazxmzXs4ho3fDpDXNt5ys+CJObkcL7s/YacQ
58vmQfyAqvC6GnOvLMSPGmFOS7XdgKOGIK9KZleW2gtyENF3cTqp9w21fJ0Y1AdnzKQLC0S+KXVZKid9I9How/sDhilqpxk=
T1UxemLULNIt2L/2B7LbmqASfyABInpHMJIFRoi/yFgLM7N6a7PX/UapSgRVk7ZMUS9mngtRQ0LdCTHB+vfBC5wtaKcb
24bgsK+Mq2T4eKqVZd3jRRNYxyh+jLCcqP3DsQyOvv0tV/SylRAahskgqZfn8cwQUfmwGPk1rjZ7ZCY8d9rZ78X+B4Ura6cW
jDoHMSo984wVsxqTnkhfjlqx+kifPJNZyHKlMnTwpCs591BZNwyE/dZyuDP8Ln2jWH4dV44YR04+KgMoyfHJxA+DL2mnGA==
VMOW6Fz7g0Z3cT61McJ7Klqx+kifPJNZyHanPHTwpCs591BZNwyE/dZyuDP8Ln2jWH4dV44YR04+KgMoyfHJxA+DL2mnGA==
teKAPtUQ/huLEGPQITLgjaMSfyABInpHMJIFRoi/yFgLM7N6a7PX/UapSgRVk7ZMUS9lngtRQ0LdCTHB+vfBC5wtaKcb
PgltmQpG1/wK/ONQUnikvqMTfyABInpHMJIFRoi/yFgLM7N6a7PX/UapSgRVk7ZMUS9lngtRQ0LdCTHB+vfBC5wtaKcb
L4HDQjo4nNEKuHal88p7TKATfyABInpHMJIFRoi/yFgLM7N6a7PX/UapSgRVk7ZMUS9lngtRQ0LdCTHB+vfBC5wtaKcb
J5jV8a6gvGvNG/9ol0sN0gVX77RWGy7SuMFGplD6RO/7vwh0rusRdRzMQVpaQIXS8TlDazxmzXs4ho3cDpDXNt5ys+CJObkcL7s/YacQ
e8SHTwwpXqcYTxc/GoFGbmFOS7XdgKOGIK9KZleW2gtyENF3cTqp9w21fJ0Y1AdnzKQLC0e+KXVZKid9I9How/sDhilqpxk=
zaju33T1uCxePt5LO9Dh/aASfyABInpHMJIFRoi/yFgLM7N6a7PX/UapSgRVk7ZMUS9lngtRQ0LdCTHB+vfBC5wtaKcb
b6LTFxZ/uhkHyljCvruEBRNYxyh+jLCcqP3DsQyOvv0tV/SylRAahskgqZfn8cwQUfmwGPk2rjZ7ZCY8d9rZ78X+B4Ura6cW
6Y3+sUouKV3grNfYxNclxlqx+kifPJNZyHKlMnTwpCs591BZNwyE/dZyuDP8Ln2jWH4dVI4YR04+KgMoyfHJxA+DL2mnGA==
ZJYarVLFDh2SD196J/Dbr1qx+kifPJNZyHanPHTwpCs591BZNwyE/dZyuDP8Ln2jWH4dVI4YR04+KgMoyfHJxA+DL2mnGA==
6Y3+sUouKV3grNfYxNclxlqx+kifPJNZyHKlMnTwpCs591BZNwyE/dZyuDP8Ln2jWH4dVI4YR04+KgMoyfHJxA+DL2mnGA==
6Y3+sUouKV3grNfYxNclxlqx+kifPJNZyHKlMnTwpCs591BZNwyE/dZyuDP8Ln2jWH4dVI4YR04+KgMoyfHJxA+DL2mnGA==
ZJYarVLFDh2SD196J/Dbr1qx+kifPJNZyHanPHTwpCs591BZNwyE/dZyuDP8Ln2jWH4dVI4YR04+KgMoyfHJxA+DL2mnGA==
sdtWT+dhqE5FnFAOKjD/y5dW/wLJQ/Agt/t9Y47JX////zl11i4dZHk0Y79gFLdDg/7tPaVayyUH8cz71xOaIW6nHQ==
XdsWQrMwop3ppKu7gSXSrZwFinpShUtEvq4hDSOE/4nRUkElUpK3nMVBh6C58gJnOILtBiBPQPjTQ6t6c0OPXc7Z4sQ9g75sqX/dHnOBeyLVGRkBkkdJa0QdcKcD
JjFM/2E/PZ707rLVXvPqZ+t/NMAPI4yNkm2Qz+2dheJm+TW80JiFfIRwC7/5FPipOCEFGhdAOx8d3//I3qXIohCVfCbhQpjYEvCEiMLf2Jibk0N6GxNUslJTmoTlc4YM4c81ntvxMwItKUFBKtfRywxNWKcr
aGsL5yAMBmDduqdu0Z589JAnVndW43+fYmhmUrrMWyCS/R/6k3pFUlrSoZzJwlJmeDlDDaFF7kxfkAu1+Hq/8BR8fGcJGwj1t6DcEeY+YL+c4mWvaJKF+E40X6KOppvkqf0RiL9vd0WnNA==
fn3S4i4vzjMsh1xh8IK0TDfV4vL36NM2V8nVOpp5U2epHx8aHX/Ntemwg0BOVRSlRuRRb28l1JRBTSVcOzqu3ahyWBdPYmB6teI6BHXTVswx70We6xHjwn1J0cHaN2GLfG1Ipzs=
+PXW3YUH3PIxRaNsiawcQ/aEJ1eNrSoBhh6IHc/VDwesVF1eWt65kPkuSkoYFZvhkQm2gJ9cU/lIlmdcdNDki7mXkHk3LESdVtL4E/xOvUPY3t00jvgH7r5KQ8jJ0Qlkj2NvSac4
ZMSjznLMFNKEcnkhkBXXvTHe5PvT78cgcdnVP5ldSWWkHx8aHX/Ntemwg0BOVRSlRuRRb28l1JRBTSVcOzqu3ahyWBdPYmB6teI6BHXTVswx70We6xHjwn1J0cHaN2GLfG1Ipzs=
+0k/x5fEAx3wn2fEUNiKUBd+YCxRRiViWuLBrAkSMvb4qeNdYbXOPF9gK8W4qh9glOycN0kr6MW3kDwhpm6ALxxyxX8o4qUITkR/Uk72O3QpbXFYf18XdacE
qavLKEIMh5lt1eHvSkkszANa5PIeq3ADdE8tZlrmybgZBhoS2M3LiTHhBvgfpOOR6H63BDQINKPZv2BBNxS0tTb6KMu8Fm2reLZtzA6AtwYeIhMQCYlZTG9LH3GnAA==
rVvGfEmxaG5zQ9ZNN8sbVXM1mRjFp93noeDaZE02kZyGhEg/f/eJC6qevwaHPwDEy7LEWmB9AfUsh/dWcHt+oPQd7CSZlQCcgetuYpNoNtgvZjmbTVJ3QRN3pwI=
ZRGhSUzK+Yeb3g/iHkog3DHe5PvT78cgcdnVP5ldSWW/Hx8aHX/Ntemwg0BOVRSlRuRRb28l1JRBTSVcOzqu3ahyWBdPYmB6teI6BHXTVswx70Se6xHjwn1J0cHaN2GLfG1Ipzs=
hiUk0KOIb6PwzMcOVPd6ViqQgr5PBvfyhwt4H2+KivtkhGg5PImwchiHk4Jk0C21+J48s6qBGOQhi7p8TUeQ3r/537JRkYVhLo8NW6AFfKcP
0YSXjibHLQZR0ywg9MaN+fblmiDm0ZcgtfSszAldIJRRhukKQmAWEL+OeXNdmtfJwx+nag==
Z3OCxi4gWX0SXG2OClPwltxkO9p/ZxqxfmUnvF2QTGCxiXBoGUapRpoU5kyXqlmfJY7H9csbp2Y=
oeKjj2wPD5AyqeXKW2lqOE9HL8Nw+2zc5+JQUtnnZD4Wn9lGBoFXcBVELHypjWBEMXDo+iKwVsAfPvnD/coXmSNvpxo=
PInYPYX/qIc1uG830XEMbV+rYv4JJCmupW9QyJewPLmjbG4jgWu/ZLHrSjydZ6/YzxiPcuExFeHe790bkCVspx8=
CwB+Gg8o0mgnxIi5EKprIon/cVdmwM/1b0hBgbr5Knri2E0rK0P+TqV83c6xV3wY61ioOTcEknOtU6uExTPmjAEPWp/7MJOCjemhQUqXMUusDXinCw==
qD3TOvns8g2fTrFs+rknqvPJ6VoBN4KPiXgujJzihHTrS43vmJYTEAt+55vKQC0U7vlxSFQrm5/9tBNf0FRnI3D73RP1mruFt3FcmwdTqgF+pw0=
qsvMIRJBsc9IclyWhWqMbwEx1YRnMhKaWki1q5PThu4NLBWO+acUOPMosDkv9IpTRSNjRI3jTiz5n+kag68r4mW56YECpxkrtD1gpxM=
om7nTBJGdr0s9qb/3YWnggNC9qRcO36X7oV65FvgBbuy+kY8pqJZcRzcSlEZDNLnv2IZejxmzXs4ho3cCpDZNt5ys+CJObkcL7s/YacQ
XQOYxwZlnyF9CW54BqSMPgUs3YRwMEKaWki1q5PThu4NLBWO+acUOPMosDkv9IpTRSNjRI3jTiz5n+Iag68r4mW56YECpxkrtD1gpxM=
vXmBhUns3CkrLb50JT+xWmvRwqxBAvfgnBx2Si6QietvizI+ecS5LhXPgIhn0Cy5s4we49HLD+Qhi7p8TUeQ2b/337JRkYVhLo8NW6AFfKcP
3IKzsfn4CV7+uryU1VuO+fs5Om8BayIYddxNTsH3zFgbOLg5J+Tisx3zWwRVk7ZMUS9nmAtfQ0LdCTHB+vfBC5wtaKcb
bztvt/2+Dvr3eBg/9eq+FUWjbugJJCmupW9QyJewPLmjbG4jgWu/ZLHrSjydZ6HYzxePcuExFeHe790bkCVspx8=
Q9gobFY3RBGgZIg+X/j6JHXD/eBgeP3BXAwqoRn8sjf/0rnqvPYtC/jWre0IoPnmnoLTcAmpGazv698Rp2A=
/MguoFwieN9wu/45+7OAuI6KDhLSkaQ52nM6o29GEU4cUoXfqALlL09ksTLOVvtUKY0xuP//1xWnZA==
EzS4WKiuIQEkudpXKEt56vblmiDl0ZcgtvSszAldIJRRhO4KTWAWEL+OeXNdmtfJwx+nag==
WbgsSpBujEcy0AK0CME2qtxkO9p/ZxqxfWUnvF6QTGCxiXBoGUSuRpUU5kyXqlmfJY7H9csbp2Y=
ePJPN1n1VB9aNBQFsK7+pE9HL8Nw+2zc5+JQUtnnZD4Wn9lGBYFXcBZELHypjWBEMX3u+i2wVsAfPvnD/coXmSNvpxo=
WcqdFN/uW3LsOMRmvPRQOIn/cVdmwM/1b0hBgbr5Knri2E0rK0P+TqV83c6xV3wY61ioOTcHknOtUKuExTPmjAEPVJv7PpOCjemhQUqXMUusDXinCw==
OT9VbfOXMRZPDr0lrkNl3/PJ6VoBN4KPiXgujJzihHTrS43vmJYTEAt+55vKQC0U7vlxS1Qrm5z9tBNf0FRnI3z63RL1mruFt3FcmwdTqgF+pw0=
dbqjjThPY0aR3rwfJwt+r4n/cVdmwM/1b0hBgbr5Knri2E0rK0P+TqV83c6xV3wY61ioOTcHknOtUKuExTPmjAEPUpj7PpOCjemhQUqXMUusDXinCw==
k4v0jO1djKAzOGAbv5fBMANC9qRcO36X7oV65FvgBbuy+kY8pqJZcRzcSlEZDNHnv2IaejxmzXs4ho3SCJDYNt5ys+CJObkcL7s/YacQ
IAcY61rhlb7alDarV2g+gA2ev4REMCjV1j0G495GOx5ZAWqMko72bBW71JqOE1nSrT2HNO4oDEihkRCgabEvrsTMxkSnkpk3tRYnvTtjpw4=
0yv+SNEI5XaTSLKxEmRKaWvRwqxBAvfgnBx2Si6QietvizI+ecS5LhXPgIhn0Cy5s48e49HID+Qhi7p8TUeU3r/237JRkYVhLo8NW6AFfKcP
vFVJydupAJC8DNsRK6/ftEWjbugJJCmupW9QyJewPLmjb24jgWi/ZLHrSjydZ67ezxaPcuExFeHe790bkCVspx8=
MaF2+JZimC/ZOJVK7loNeHXD/eBgeP3BXAwqoRn8sTf/0rrqvPYtC/jWresLoPHnnoLTcAmpGazv698Rp2A=
lkzOphWjCRcDCBI6iy1R5Y6KDhLSkaQ52nM5o29GEk4cUoXfqALlJ0tkuTPOVvtUKY0xuP//1xWnZA==
uAxLWjnz669pMWJ0bFT/A+Lzo8be2KrXTirJhc3cz0Xz0gJ/a2MRgs+O6wcrcV8ZaKfd3tS7gsdbhetlYuBOiV4DAQrA8sm1XL3WIwB7vGxecmzUOcVATGHfa1J0uXaIj5a56+2CtxFzR6cy
P84XPPlQ9s+wrwzdhPzLguLzo8be2KrXTirJhc3cz0Xz0gJ/a2MRgs+O6wcrcV8ZaKfd3tS7gsdbhetlYuBOiV4DAQrA8sm1XLnfNAd7vGxecmzUOcVATGHbaVJ0uXaIj5a56+2CtxFzR6cy
f/VecHHh7K1Ddzfx5yOza/blmj3l0ZcgtvSszAldIJRRjOkKR2EWEL+OeXNdmtfJwx+nag==
6wf+Opvaw0tmPfZ5dQDFkZTfG1vDkKMp2nM5o29GEk4cUoXfqALlL0hkuzPOVvtUKY0xuP//1xWnZA==
3eq6nAgbWQCFpDEIyxoau09HL8Nw+2zc5+JQUtnnZD4Wn9lGBYFXcBZELHypjWBEMXfv+iexVsAfPvnD/coXmSNvpxo=
VzSwQwojsjr8qeECKnki0QBSKJyfi7nHdOYPKB+ek0N2EMF8ennlozj7J8QJ1AdnzKQLC0e+KXFYKid9I9How/sDhilqpxk=
YvlvilXUN+qQBTqqFAA5xm1VpltOzruG6amK9ELGtrRlU/SinhtZyp0V58y+4MwQUfmwGPk5rjZ/ZSY8d9rZ78X+B4Ura6cW
7Q2iHXaQx0u/CpPSQqNeXhFx5MU0AvzkU8t1fyA2e8BDPi/r4mA15Pb5aTtMC7NstXTbDzj037MNemWIDPoTVf+xFKvvM7IxZqcV
Qqm0wmfjLDic3KVUE5eoQjkdj+M+sTIgGyRND2KOrpgGBjGFjGjC1ZmIWVMvlnLenMIlD+gyxR5KVJoDDgZbxKkd0eg/jzdlpxQ=
Z1NgZCO5DKUwstqbkDRge4n/cVdmwM/1b0hBgbr5Knri2E0rK0P+TqV83c6xV3wY61ioOTcHknOtUKuExTPmjAEPU5n7NJKCjemhQUqXMUusDXinCw==
M7wJOz90WzUd/jPeY2bUSPPJ6VoBN4KPiXgujJzihHTrS43vmJYTEAt+55vKQC0U7vlxS1Qrm5z9tBNf0FRnI3X43Rj0mruFt3FcmwdTqgF+pw0=
